15:05:53:892  INFO 17060 --- [main] com.hmall.cart.CartApplication           : Starting CartApplication using Java 17 on DESKTOP-M4RBI0N with PID 17060 (E:\JAVA\SpringCloud\hmall\cart-service\target\classes started by pc in E:\JAVA\SpringCloud\hmall)
15:05:53:917 DEBUG 17060 --- [main] com.hmall.cart.CartApplication           : Running with Spring Boot v2.7.12, Spring v5.3.27
15:05:53:918  INFO 17060 --- [main] com.hmall.cart.CartApplication           : The following 1 profile is active: "local"
15:05:55:811  INFO 17060 --- [main] o.s.cloud.context.scope.GenericScope     : BeanFactory id=a9f71dd7-f729-3327-97d1-240629641a29
15:05:56:521  INFO 17060 --- [main] o.s.b.w.embedded.tomcat.TomcatWebServer  : Tomcat initialized with port(s): 8082 (http)
15:05:56:529  INFO 17060 --- [main] o.apache.catalina.core.StandardService   : Starting service [Tomcat]
15:05:56:529  INFO 17060 --- [main] org.apache.catalina.core.StandardEngine  : Starting Servlet engine: [Apache Tomcat/9.0.75]
15:05:56:671  INFO 17060 --- [main] o.a.c.c.C.[Tomcat].[localhost].[/]       : Initializing Spring embedded WebApplicationContext
15:05:56:671  INFO 17060 --- [main] w.s.c.ServletWebServerApplicationContext : Root WebApplicationContext: initialization completed in 2584 ms
15:05:56:952  INFO 17060 --- [main] o.s.c.openfeign.FeignClientFactoryBean   : For 'item-service' URL not provided. Will try picking an instance via load-balancing.
15:05:59:575  INFO 17060 --- [main] o.s.cloud.commons.util.InetUtils         : Cannot determine local hostname
15:05:59:639  INFO 17060 --- [main] pertySourcedRequestMappingHandlerMapping : Mapped URL path [/v2/api-docs] onto method [springfox.documentation.swagger2.web.Swagger2ControllerWebMvc#getDocumentation(String, HttpServletRequest)]
15:06:00:840  INFO 17060 --- [main] o.s.cloud.commons.util.InetUtils         : Cannot determine local hostname
15:06:01:303  INFO 17060 --- [main] com.alibaba.nacos.common.remote.client   : [RpcClientFactory] create a new rpc client of 28a0ceb8-a89e-4ee8-990d-dc67f4cd0d27
15:06:01:680  INFO 17060 --- [main] org.reflections.Reflections              : Reflections took 145 ms to scan 1 urls, producing 3 keys and 6 values 
15:06:01:729  INFO 17060 --- [main] org.reflections.Reflections              : Reflections took 6 ms to scan 1 urls, producing 4 keys and 9 values 
15:06:01:738  INFO 17060 --- [main] org.reflections.Reflections              : Reflections took 6 ms to scan 1 urls, producing 3 keys and 10 values 
15:06:01:739  WARN 17060 --- [main] org.reflections.Reflections              : given scan urls are empty. set urls in the configuration
15:06:01:747  INFO 17060 --- [main] org.reflections.Reflections              : Reflections took 8 ms to scan 1 urls, producing 1 keys and 5 values 
15:06:01:755  INFO 17060 --- [main] org.reflections.Reflections              : Reflections took 6 ms to scan 1 urls, producing 1 keys and 7 values 
15:06:01:763  INFO 17060 --- [main] org.reflections.Reflections              : Reflections took 5 ms to scan 1 urls, producing 2 keys and 8 values 
15:06:01:764  WARN 17060 --- [main] org.reflections.Reflections              : given scan urls are empty. set urls in the configuration
15:06:01:764  INFO 17060 --- [main] com.alibaba.nacos.common.remote.client   : [28a0ceb8-a89e-4ee8-990d-dc67f4cd0d27] RpcClient init label, labels = {module=naming, source=sdk}
15:06:01:765  INFO 17060 --- [main] com.alibaba.nacos.common.remote.client   : [28a0ceb8-a89e-4ee8-990d-dc67f4cd0d27] RpcClient init, ServerListFactory = com.alibaba.nacos.client.naming.core.ServerListManager
15:06:01:765  INFO 17060 --- [main] com.alibaba.nacos.common.remote.client   : [28a0ceb8-a89e-4ee8-990d-dc67f4cd0d27] Registry connection listener to current client:com.alibaba.nacos.client.naming.remote.gprc.redo.NamingGrpcRedoService
15:06:01:766  INFO 17060 --- [main] com.alibaba.nacos.common.remote.client   : [28a0ceb8-a89e-4ee8-990d-dc67f4cd0d27] Register server push request handler:com.alibaba.nacos.client.naming.remote.gprc.NamingPushRequestHandler
15:06:01:767  INFO 17060 --- [main] com.alibaba.nacos.common.remote.client   : [28a0ceb8-a89e-4ee8-990d-dc67f4cd0d27] Try to connect to server on start up, server: {serverIp = '192.168.74.128', server main port = 8848}
15:06:02:788  INFO 17060 --- [main] com.alibaba.nacos.common.remote.client   : [28a0ceb8-a89e-4ee8-990d-dc67f4cd0d27] Success to connect to server [192.168.74.128:8848] on start up, connectionId = 1733814362654_192.168.74.1_11402
15:06:02:788  INFO 17060 --- [com.alibaba.nacos.client.remote.worker] com.alibaba.nacos.common.remote.client   : [28a0ceb8-a89e-4ee8-990d-dc67f4cd0d27] Notify connected event to listeners.
15:06:02:788  INFO 17060 --- [main] com.alibaba.nacos.common.remote.client   : [28a0ceb8-a89e-4ee8-990d-dc67f4cd0d27] Register server push request handler:com.alibaba.nacos.common.remote.client.RpcClient$ConnectResetRequestHandler
15:06:02:789  INFO 17060 --- [main] com.alibaba.nacos.common.remote.client   : [28a0ceb8-a89e-4ee8-990d-dc67f4cd0d27] Register server push request handler:com.alibaba.nacos.common.remote.client.RpcClient$$Lambda$1007/0x00000008013d3488
15:06:02:929  INFO 17060 --- [main] o.s.b.w.embedded.tomcat.TomcatWebServer  : Tomcat started on port(s): 8082 (http) with context path ''
15:06:02:943  INFO 17060 --- [main] c.a.c.n.registry.NacosServiceRegistry    : nacos registry, DEFAULT_GROUP cart-service 192.168.233.1:8082 register finished
15:06:03:428  INFO 17060 --- [nacos-grpc-client-executor-10] com.alibaba.nacos.common.remote.client   : [28a0ceb8-a89e-4ee8-990d-dc67f4cd0d27] Receive server push request, request = NotifySubscriberRequest, requestId = 1
15:06:03:441  INFO 17060 --- [nacos-grpc-client-executor-10] com.alibaba.nacos.common.remote.client   : [28a0ceb8-a89e-4ee8-990d-dc67f4cd0d27] Ack server push request, request = NotifySubscriberRequest, requestId = 1
15:06:04:101  INFO 17060 --- [main] o.s.cloud.commons.util.InetUtils         : Cannot determine local hostname
15:06:04:102  INFO 17060 --- [main] d.s.w.p.DocumentationPluginsBootstrapper : Documentation plugins bootstrapped
15:06:04:107  INFO 17060 --- [main] d.s.w.p.DocumentationPluginsBootstrapper : Found 1 custom documentation plugin(s)
15:06:04:144  INFO 17060 --- [main] s.d.s.w.s.ApiListingReferenceScanner     : Scanning for api listing references
15:06:04:242  INFO 17060 --- [main] com.hmall.cart.CartApplication           : Started CartApplication in 13.104 seconds (JVM running for 16.241)
15:08:33:115  INFO 17060 --- [http-nio-8082-exec-1] o.a.c.c.C.[Tomcat].[localhost].[/]       : Initializing Spring DispatcherServlet 'dispatcherServlet'
15:08:33:115  INFO 17060 --- [http-nio-8082-exec-1] o.s.web.servlet.DispatcherServlet        : Initializing Servlet 'dispatcherServlet'
15:08:33:116  INFO 17060 --- [http-nio-8082-exec-1] o.s.web.servlet.DispatcherServlet        : Completed initialization in 1 ms
15:08:33:287  INFO 17060 --- [http-nio-8082-exec-1] com.zaxxer.hikari.HikariDataSource       : HikariPool-1 - Starting...
15:08:33:525  INFO 17060 --- [http-nio-8082-exec-1] com.zaxxer.hikari.HikariDataSource       : HikariPool-1 - Start completed.
15:08:33:530 DEBUG 17060 --- [http-nio-8082-exec-1] c.h.cart.mapper.CartMapper.selectList    : ==>  Preparing: SELECT id,user_id,item_id,num,name,spec,price,image,create_time,update_time FROM cart WHERE (user_id = ?)
15:08:33:550 DEBUG 17060 --- [http-nio-8082-exec-1] c.h.cart.mapper.CartMapper.selectList    : ==> Parameters: 1(Long)
15:08:33:600 DEBUG 17060 --- [http-nio-8082-exec-1] c.h.cart.mapper.CartMapper.selectList    : <==      Total: 1
15:08:34:267  INFO 17060 --- [nacos-grpc-client-executor-53] com.alibaba.nacos.common.remote.client   : [28a0ceb8-a89e-4ee8-990d-dc67f4cd0d27] Receive server push request, request = NotifySubscriberRequest, requestId = 9
15:08:34:268  INFO 17060 --- [nacos-grpc-client-executor-53] com.alibaba.nacos.common.remote.client   : [28a0ceb8-a89e-4ee8-990d-dc67f4cd0d27] Ack server push request, request = NotifySubscriberRequest, requestId = 9
15:08:34:869 DEBUG 17060 --- [http-nio-8082-exec-2] c.h.cart.mapper.CartMapper.selectList    : ==>  Preparing: SELECT id,user_id,item_id,num,name,spec,price,image,create_time,update_time FROM cart WHERE (user_id = ?)
15:08:34:877 DEBUG 17060 --- [http-nio-8082-exec-2] c.h.cart.mapper.CartMapper.selectList    : ==> Parameters: 1(Long)
15:08:34:880 DEBUG 17060 --- [http-nio-8082-exec-2] c.h.cart.mapper.CartMapper.selectList    : <==      Total: 1
15:32:49:946  WARN 17060 --- [Thread-4] c.a.nacos.common.notify.NotifyCenter     : [NotifyCenter] Start destroying Publisher
15:32:49:946  WARN 17060 --- [Thread-7] c.a.n.common.http.HttpClientBeanHolder   : [HttpClientBeanHolder] Start destroying common HttpClient
15:32:49:947  WARN 17060 --- [Thread-4] c.a.nacos.common.notify.NotifyCenter     : [NotifyCenter] Destruction of the end
15:32:49:947  WARN 17060 --- [Thread-7] c.a.n.common.http.HttpClientBeanHolder   : [HttpClientBeanHolder] Destruction of the end
15:32:49:983  INFO 17060 --- [SpringApplicationShutdownHook] c.a.c.n.registry.NacosServiceRegistry    : De-registering from Nacos Server now...
15:32:49:986  INFO 17060 --- [SpringApplicationShutdownHook] c.a.c.n.registry.NacosServiceRegistry    : De-registration finished.
15:32:50:319  INFO 17060 --- [SpringApplicationShutdownHook] com.alibaba.nacos.common.remote.client   : Shutdown rpc client, set status to shutdown
15:32:50:320  INFO 17060 --- [SpringApplicationShutdownHook] com.alibaba.nacos.common.remote.client   : Shutdown client event executor java.util.concurrent.ScheduledThreadPoolExecutor@3ade5509[Running, pool size = 2, active threads = 2, queued tasks = 0, completed tasks = 0]
15:32:50:320  INFO 17060 --- [SpringApplicationShutdownHook] com.alibaba.nacos.common.remote.client   : Close current connection 1733814362654_192.168.74.1_11402
15:32:50:321  INFO 17060 --- [nacos-grpc-client-executor-357] c.a.n.c.remote.client.grpc.GrpcClient    : [1733814362654_192.168.74.1_11402]Ignore complete event,isRunning:false,isAbandon=false
15:32:50:323  INFO 17060 --- [SpringApplicationShutdownHook] c.a.n.c.remote.client.grpc.GrpcClient    : Shutdown grpc executor java.util.concurrent.ThreadPoolExecutor@2e1a866d[Running, pool size = 5, active threads = 0, queued tasks = 0, completed tasks = 358]
15:32:50:326  INFO 17060 --- [SpringApplicationShutdownHook] com.zaxxer.hikari.HikariDataSource       : HikariPool-1 - Shutdown initiated...
15:32:50:341  INFO 17060 --- [SpringApplicationShutdownHook] com.zaxxer.hikari.HikariDataSource       : HikariPool-1 - Shutdown completed.
15:32:56:013  INFO 15944 --- [main] com.hmall.cart.CartApplication           : Starting CartApplication using Java 17 on DESKTOP-M4RBI0N with PID 15944 (E:\JAVA\SpringCloud\hmall\cart-service\target\classes started by pc in E:\JAVA\SpringCloud\hmall)
15:32:56:017 DEBUG 15944 --- [main] com.hmall.cart.CartApplication           : Running with Spring Boot v2.7.12, Spring v5.3.27
15:32:56:018  INFO 15944 --- [main] com.hmall.cart.CartApplication           : The following 1 profile is active: "local"
15:32:56:990  INFO 15944 --- [main] o.s.cloud.context.scope.GenericScope     : BeanFactory id=ca07adaf-5e84-3c67-b74f-0304873c202d
15:32:57:444  INFO 15944 --- [main] o.s.b.w.embedded.tomcat.TomcatWebServer  : Tomcat initialized with port(s): 8082 (http)
15:32:57:455  INFO 15944 --- [main] o.apache.catalina.core.StandardService   : Starting service [Tomcat]
15:32:57:455  INFO 15944 --- [main] org.apache.catalina.core.StandardEngine  : Starting Servlet engine: [Apache Tomcat/9.0.75]
15:32:57:588  INFO 15944 --- [main] o.a.c.c.C.[Tomcat].[localhost].[/]       : Initializing Spring embedded WebApplicationContext
15:32:57:589  INFO 15944 --- [main] w.s.c.ServletWebServerApplicationContext : Root WebApplicationContext: initialization completed in 1531 ms
15:32:57:791  INFO 15944 --- [main] o.s.c.openfeign.FeignClientFactoryBean   : For 'item-service' URL not provided. Will try picking an instance via load-balancing.
15:33:00:165  INFO 15944 --- [main] o.s.cloud.commons.util.InetUtils         : Cannot determine local hostname
15:33:00:188  INFO 15944 --- [main] pertySourcedRequestMappingHandlerMapping : Mapped URL path [/v2/api-docs] onto method [springfox.documentation.swagger2.web.Swagger2ControllerWebMvc#getDocumentation(String, HttpServletRequest)]
15:33:01:420  INFO 15944 --- [main] o.s.cloud.commons.util.InetUtils         : Cannot determine local hostname
15:33:01:555  INFO 15944 --- [main] com.alibaba.nacos.common.remote.client   : [RpcClientFactory] create a new rpc client of 21604e1a-8a35-42aa-b60d-183877905923
15:33:01:599  INFO 15944 --- [main] org.reflections.Reflections              : Reflections took 20 ms to scan 1 urls, producing 3 keys and 6 values 
15:33:01:616  INFO 15944 --- [main] org.reflections.Reflections              : Reflections took 7 ms to scan 1 urls, producing 4 keys and 9 values 
15:33:01:625  INFO 15944 --- [main] org.reflections.Reflections              : Reflections took 7 ms to scan 1 urls, producing 3 keys and 10 values 
15:33:01:626  WARN 15944 --- [main] org.reflections.Reflections              : given scan urls are empty. set urls in the configuration
15:33:01:636  INFO 15944 --- [main] org.reflections.Reflections              : Reflections took 10 ms to scan 1 urls, producing 1 keys and 5 values 
15:33:01:643  INFO 15944 --- [main] org.reflections.Reflections              : Reflections took 6 ms to scan 1 urls, producing 1 keys and 7 values 
15:33:01:652  INFO 15944 --- [main] org.reflections.Reflections              : Reflections took 6 ms to scan 1 urls, producing 2 keys and 8 values 
15:33:01:653  WARN 15944 --- [main] org.reflections.Reflections              : given scan urls are empty. set urls in the configuration
15:33:01:654  INFO 15944 --- [main] com.alibaba.nacos.common.remote.client   : [21604e1a-8a35-42aa-b60d-183877905923] RpcClient init label, labels = {module=naming, source=sdk}
15:33:01:655  INFO 15944 --- [main] com.alibaba.nacos.common.remote.client   : [21604e1a-8a35-42aa-b60d-183877905923] RpcClient init, ServerListFactory = com.alibaba.nacos.client.naming.core.ServerListManager
15:33:01:655  INFO 15944 --- [main] com.alibaba.nacos.common.remote.client   : [21604e1a-8a35-42aa-b60d-183877905923] Registry connection listener to current client:com.alibaba.nacos.client.naming.remote.gprc.redo.NamingGrpcRedoService
15:33:01:655  INFO 15944 --- [main] com.alibaba.nacos.common.remote.client   : [21604e1a-8a35-42aa-b60d-183877905923] Register server push request handler:com.alibaba.nacos.client.naming.remote.gprc.NamingPushRequestHandler
15:33:01:656  INFO 15944 --- [main] com.alibaba.nacos.common.remote.client   : [21604e1a-8a35-42aa-b60d-183877905923] Try to connect to server on start up, server: {serverIp = '192.168.74.128', server main port = 8848}
15:33:02:442  INFO 15944 --- [main] com.alibaba.nacos.common.remote.client   : [21604e1a-8a35-42aa-b60d-183877905923] Success to connect to server [192.168.74.128:8848] on start up, connectionId = 1733815982336_192.168.74.1_1616
15:33:02:443  INFO 15944 --- [com.alibaba.nacos.client.remote.worker] com.alibaba.nacos.common.remote.client   : [21604e1a-8a35-42aa-b60d-183877905923] Notify connected event to listeners.
15:33:02:443  INFO 15944 --- [main] com.alibaba.nacos.common.remote.client   : [21604e1a-8a35-42aa-b60d-183877905923] Register server push request handler:com.alibaba.nacos.common.remote.client.RpcClient$ConnectResetRequestHandler
15:33:02:443  INFO 15944 --- [main] com.alibaba.nacos.common.remote.client   : [21604e1a-8a35-42aa-b60d-183877905923] Register server push request handler:com.alibaba.nacos.common.remote.client.RpcClient$$Lambda$1007/0x0000000801401688
15:33:02:503  INFO 15944 --- [main] o.s.b.w.embedded.tomcat.TomcatWebServer  : Tomcat started on port(s): 8082 (http) with context path ''
15:33:02:514  INFO 15944 --- [main] c.a.c.n.registry.NacosServiceRegistry    : nacos registry, DEFAULT_GROUP cart-service 192.168.233.1:8082 register finished
15:33:03:026  INFO 15944 --- [nacos-grpc-client-executor-9] com.alibaba.nacos.common.remote.client   : [21604e1a-8a35-42aa-b60d-183877905923] Receive server push request, request = NotifySubscriberRequest, requestId = 12
15:33:03:033  INFO 15944 --- [nacos-grpc-client-executor-9] com.alibaba.nacos.common.remote.client   : [21604e1a-8a35-42aa-b60d-183877905923] Ack server push request, request = NotifySubscriberRequest, requestId = 12
15:33:03:678  INFO 15944 --- [main] o.s.cloud.commons.util.InetUtils         : Cannot determine local hostname
15:33:03:679  INFO 15944 --- [main] d.s.w.p.DocumentationPluginsBootstrapper : Documentation plugins bootstrapped
15:33:03:683  INFO 15944 --- [main] d.s.w.p.DocumentationPluginsBootstrapper : Found 1 custom documentation plugin(s)
15:33:03:711  INFO 15944 --- [main] s.d.s.w.s.ApiListingReferenceScanner     : Scanning for api listing references
15:33:03:785  INFO 15944 --- [main] com.hmall.cart.CartApplication           : Started CartApplication in 9.442 seconds (JVM running for 9.921)
15:33:38:230  INFO 15944 --- [http-nio-8082-exec-1] o.a.c.c.C.[Tomcat].[localhost].[/]       : Initializing Spring DispatcherServlet 'dispatcherServlet'
15:33:38:230  INFO 15944 --- [http-nio-8082-exec-1] o.s.web.servlet.DispatcherServlet        : Initializing Servlet 'dispatcherServlet'
15:33:38:231  INFO 15944 --- [http-nio-8082-exec-1] o.s.web.servlet.DispatcherServlet        : Completed initialization in 1 ms
15:33:38:315  INFO 15944 --- [http-nio-8082-exec-1] com.zaxxer.hikari.HikariDataSource       : HikariPool-1 - Starting...
15:33:38:480  INFO 15944 --- [http-nio-8082-exec-1] com.zaxxer.hikari.HikariDataSource       : HikariPool-1 - Start completed.
15:33:38:486 DEBUG 15944 --- [http-nio-8082-exec-1] c.h.cart.mapper.CartMapper.selectList    : ==>  Preparing: SELECT id,user_id,item_id,num,name,spec,price,image,create_time,update_time FROM cart WHERE (user_id = ?)
15:33:38:506 DEBUG 15944 --- [http-nio-8082-exec-1] c.h.cart.mapper.CartMapper.selectList    : ==> Parameters: 1(Long)
15:33:38:525 DEBUG 15944 --- [http-nio-8082-exec-1] c.h.cart.mapper.CartMapper.selectList    : <==      Total: 1
15:33:39:201  INFO 15944 --- [nacos-grpc-client-executor-21] com.alibaba.nacos.common.remote.client   : [21604e1a-8a35-42aa-b60d-183877905923] Receive server push request, request = NotifySubscriberRequest, requestId = 17
15:33:39:201  INFO 15944 --- [nacos-grpc-client-executor-21] com.alibaba.nacos.common.remote.client   : [21604e1a-8a35-42aa-b60d-183877905923] Ack server push request, request = NotifySubscriberRequest, requestId = 17
15:33:39:310 DEBUG 15944 --- [http-nio-8082-exec-2] c.h.cart.mapper.CartMapper.selectList    : ==>  Preparing: SELECT id,user_id,item_id,num,name,spec,price,image,create_time,update_time FROM cart WHERE (user_id = ?)
15:33:39:310 DEBUG 15944 --- [http-nio-8082-exec-2] c.h.cart.mapper.CartMapper.selectList    : ==> Parameters: 1(Long)
15:33:39:312 DEBUG 15944 --- [http-nio-8082-exec-2] c.h.cart.mapper.CartMapper.selectList    : <==      Total: 1
15:35:07:906 DEBUG 15944 --- [http-nio-8082-exec-5] c.h.cart.mapper.CartMapper.selectList    : ==>  Preparing: SELECT id,user_id,item_id,num,name,spec,price,image,create_time,update_time FROM cart WHERE (user_id = ?)
15:35:07:906 DEBUG 15944 --- [http-nio-8082-exec-5] c.h.cart.mapper.CartMapper.selectList    : ==> Parameters: 2(Long)
15:35:07:908 DEBUG 15944 --- [http-nio-8082-exec-5] c.h.cart.mapper.CartMapper.selectList    : <==      Total: 0
15:36:44:335 DEBUG 15944 --- [http-nio-8082-exec-6] c.h.cart.mapper.CartMapper.selectCount   : ==>  Preparing: SELECT COUNT( * ) FROM cart WHERE (user_id = ? AND item_id = ?)
15:36:44:336 DEBUG 15944 --- [http-nio-8082-exec-6] c.h.cart.mapper.CartMapper.selectCount   : ==> Parameters: 2(Long), 2120808(Long)
15:36:44:337 DEBUG 15944 --- [http-nio-8082-exec-6] c.h.cart.mapper.CartMapper.selectCount   : <==      Total: 1
15:36:44:338 DEBUG 15944 --- [http-nio-8082-exec-6] c.h.cart.mapper.CartMapper.selectCount   : ==>  Preparing: SELECT COUNT( * ) FROM cart WHERE (user_id = ?)
15:36:44:338 DEBUG 15944 --- [http-nio-8082-exec-6] c.h.cart.mapper.CartMapper.selectCount   : ==> Parameters: 2(Long)
15:36:44:339 DEBUG 15944 --- [http-nio-8082-exec-6] c.h.cart.mapper.CartMapper.selectCount   : <==      Total: 1
15:36:44:342 DEBUG 15944 --- [http-nio-8082-exec-6] com.hmall.cart.mapper.CartMapper.insert  : ==>  Preparing: INSERT INTO cart ( user_id, item_id, name, spec, price, image ) VALUES ( ?, ?, ?, ?, ?, ? )
15:36:44:342 DEBUG 15944 --- [http-nio-8082-exec-6] com.hmall.cart.mapper.CartMapper.insert  : ==> Parameters: 2(Long), 2120808(Long), 姬龙雪 guy laroche女包 GL经典手提包女牛皮大容量单肩包女欧美时尚包包女包GS1210001-06杏色(String), {}(String), 71800(Integer), https://m.360buyimg.com/mobilecms/s720x720_jfs/t30694/267/398774087/90954/6fc143cf/5bf25358N14dadbf7.jpg!q70.jpg.webp(String)
15:36:44:345 DEBUG 15944 --- [http-nio-8082-exec-6] com.hmall.cart.mapper.CartMapper.insert  : <==    Updates: 1
15:36:44:396 DEBUG 15944 --- [http-nio-8082-exec-7] c.h.cart.mapper.CartMapper.selectList    : ==>  Preparing: SELECT id,user_id,item_id,num,name,spec,price,image,create_time,update_time FROM cart WHERE (user_id = ?)
15:36:44:397 DEBUG 15944 --- [http-nio-8082-exec-7] c.h.cart.mapper.CartMapper.selectList    : ==> Parameters: 2(Long)
15:36:44:399 DEBUG 15944 --- [http-nio-8082-exec-7] c.h.cart.mapper.CartMapper.selectList    : <==      Total: 1
16:34:20:585 DEBUG 15944 --- [http-nio-8082-exec-9] com.hmall.cart.mapper.CartMapper.delete  : ==>  Preparing: DELETE FROM cart WHERE (user_id = ? AND item_id IN (?))
16:34:20:589 DEBUG 15944 --- [http-nio-8082-exec-9] com.hmall.cart.mapper.CartMapper.delete  : ==> Parameters: 2(Long), 2120808(Long)
16:34:20:614 DEBUG 15944 --- [http-nio-8082-exec-9] com.hmall.cart.mapper.CartMapper.delete  : <==    Updates: 1
16:34:54:712 DEBUG 15944 --- [http-nio-8082-exec-10] c.h.cart.mapper.CartMapper.selectList    : ==>  Preparing: SELECT id,user_id,item_id,num,name,spec,price,image,create_time,update_time FROM cart WHERE (user_id = ?)
16:34:54:713 DEBUG 15944 --- [http-nio-8082-exec-10] c.h.cart.mapper.CartMapper.selectList    : ==> Parameters: 2(Long)
16:34:54:716 DEBUG 15944 --- [http-nio-8082-exec-10] c.h.cart.mapper.CartMapper.selectList    : <==      Total: 0
16:58:58:761  WARN 15944 --- [Thread-4] c.a.nacos.common.notify.NotifyCenter     : [NotifyCenter] Start destroying Publisher
16:58:58:762  WARN 15944 --- [Thread-7] c.a.n.common.http.HttpClientBeanHolder   : [HttpClientBeanHolder] Start destroying common HttpClient
16:58:58:762  WARN 15944 --- [Thread-4] c.a.nacos.common.notify.NotifyCenter     : [NotifyCenter] Destruction of the end
16:58:58:765  WARN 15944 --- [Thread-7] c.a.n.common.http.HttpClientBeanHolder   : [HttpClientBeanHolder] Destruction of the end
16:58:58:845  INFO 15944 --- [SpringApplicationShutdownHook] c.a.c.n.registry.NacosServiceRegistry    : De-registering from Nacos Server now...
16:58:58:851  INFO 15944 --- [SpringApplicationShutdownHook] c.a.c.n.registry.NacosServiceRegistry    : De-registration finished.
16:58:59:183  INFO 15944 --- [SpringApplicationShutdownHook] com.alibaba.nacos.common.remote.client   : Shutdown rpc client, set status to shutdown
16:58:59:183  INFO 15944 --- [SpringApplicationShutdownHook] com.alibaba.nacos.common.remote.client   : Shutdown client event executor java.util.concurrent.ScheduledThreadPoolExecutor@456bf7c[Running, pool size = 2, active threads = 2, queued tasks = 0, completed tasks = 0]
16:58:59:183  INFO 15944 --- [SpringApplicationShutdownHook] com.alibaba.nacos.common.remote.client   : Close current connection 1733815982336_192.168.74.1_1616
16:58:59:185  INFO 15944 --- [nacos-grpc-client-executor-1059] c.a.n.c.remote.client.grpc.GrpcClient    : [1733815982336_192.168.74.1_1616]Ignore complete event,isRunning:false,isAbandon=false
16:58:59:190  INFO 15944 --- [SpringApplicationShutdownHook] c.a.n.c.remote.client.grpc.GrpcClient    : Shutdown grpc executor java.util.concurrent.ThreadPoolExecutor@2426e530[Running, pool size = 4, active threads = 0, queued tasks = 0, completed tasks = 1060]
16:58:59:197  INFO 15944 --- [SpringApplicationShutdownHook] com.zaxxer.hikari.HikariDataSource       : HikariPool-1 - Shutdown initiated...
16:58:59:206  INFO 15944 --- [SpringApplicationShutdownHook] com.zaxxer.hikari.HikariDataSource       : HikariPool-1 - Shutdown completed.
