16:33:36:598  INFO 2696 --- [main] com.hmall.trade.TradeApplication         : Starting TradeApplication using Java 17 on DESKTOP-M4RBI0N with PID 2696 (E:\JAVA\SpringCloud\hmall\trade-service\target\classes started by pc in E:\JAVA\SpringCloud\hmall)
16:33:36:601 DEBUG 2696 --- [main] com.hmall.trade.TradeApplication         : Running with Spring Boot v2.7.12, Spring v5.3.27
16:33:36:602  INFO 2696 --- [main] com.hmall.trade.TradeApplication         : The following 1 profile is active: "local"
16:33:37:285  INFO 2696 --- [main] o.s.cloud.context.scope.GenericScope     : BeanFactory id=92be036e-57eb-3da6-885f-15ea435367f7
16:33:37:593  INFO 2696 --- [main] o.s.b.w.embedded.tomcat.TomcatWebServer  : Tomcat initialized with port(s): 8085 (http)
16:33:37:610  INFO 2696 --- [main] o.apache.catalina.core.StandardService   : Starting service [Tomcat]
16:33:37:610  INFO 2696 --- [main] org.apache.catalina.core.StandardEngine  : Starting Servlet engine: [Apache Tomcat/9.0.75]
16:33:37:708  INFO 2696 --- [main] o.a.c.c.C.[Tomcat].[localhost].[/]       : Initializing Spring embedded WebApplicationContext
16:33:37:708  INFO 2696 --- [main] w.s.c.ServletWebServerApplicationContext : Root WebApplicationContext: initialization completed in 1073 ms
16:33:37:851  INFO 2696 --- [main] o.s.c.openfeign.FeignClientFactoryBean   : For 'item-service' URL not provided. Will try picking an instance via load-balancing.
16:33:38:136  INFO 2696 --- [main] o.s.c.openfeign.FeignClientFactoryBean   : For 'cart-service' URL not provided. Will try picking an instance via load-balancing.
16:33:39:598  INFO 2696 --- [main] o.s.cloud.commons.util.InetUtils         : Cannot determine local hostname
16:33:39:620  INFO 2696 --- [main] pertySourcedRequestMappingHandlerMapping : Mapped URL path [/v2/api-docs] onto method [springfox.documentation.swagger2.web.Swagger2ControllerWebMvc#getDocumentation(String, HttpServletRequest)]
16:33:40:817  INFO 2696 --- [main] o.s.cloud.commons.util.InetUtils         : Cannot determine local hostname
16:33:40:929  INFO 2696 --- [main] com.alibaba.nacos.common.remote.client   : [RpcClientFactory] create a new rpc client of 91123859-9644-47ef-ae78-6c3b61f0a916
16:33:40:977  INFO 2696 --- [main] org.reflections.Reflections              : Reflections took 26 ms to scan 1 urls, producing 3 keys and 6 values 
16:33:40:995  INFO 2696 --- [main] org.reflections.Reflections              : Reflections took 7 ms to scan 1 urls, producing 4 keys and 9 values 
16:33:41:005  INFO 2696 --- [main] org.reflections.Reflections              : Reflections took 7 ms to scan 1 urls, producing 3 keys and 10 values 
16:33:41:007  WARN 2696 --- [main] org.reflections.Reflections              : given scan urls are empty. set urls in the configuration
16:33:41:013  INFO 2696 --- [main] org.reflections.Reflections              : Reflections took 6 ms to scan 1 urls, producing 1 keys and 5 values 
16:33:41:020  INFO 2696 --- [main] org.reflections.Reflections              : Reflections took 6 ms to scan 1 urls, producing 1 keys and 7 values 
16:33:41:027  INFO 2696 --- [main] org.reflections.Reflections              : Reflections took 5 ms to scan 1 urls, producing 2 keys and 8 values 
16:33:41:029  WARN 2696 --- [main] org.reflections.Reflections              : given scan urls are empty. set urls in the configuration
16:33:41:030  INFO 2696 --- [main] com.alibaba.nacos.common.remote.client   : [91123859-9644-47ef-ae78-6c3b61f0a916] RpcClient init label, labels = {module=naming, source=sdk}
16:33:41:032  INFO 2696 --- [main] com.alibaba.nacos.common.remote.client   : [91123859-9644-47ef-ae78-6c3b61f0a916] RpcClient init, ServerListFactory = com.alibaba.nacos.client.naming.core.ServerListManager
16:33:41:032  INFO 2696 --- [main] com.alibaba.nacos.common.remote.client   : [91123859-9644-47ef-ae78-6c3b61f0a916] Registry connection listener to current client:com.alibaba.nacos.client.naming.remote.gprc.redo.NamingGrpcRedoService
16:33:41:032  INFO 2696 --- [main] com.alibaba.nacos.common.remote.client   : [91123859-9644-47ef-ae78-6c3b61f0a916] Register server push request handler:com.alibaba.nacos.client.naming.remote.gprc.NamingPushRequestHandler
16:33:41:033  INFO 2696 --- [main] com.alibaba.nacos.common.remote.client   : [91123859-9644-47ef-ae78-6c3b61f0a916] Try to connect to server on start up, server: {serverIp = '192.168.74.128', server main port = 8848}
16:33:41:809  INFO 2696 --- [main] com.alibaba.nacos.common.remote.client   : [91123859-9644-47ef-ae78-6c3b61f0a916] Success to connect to server [192.168.74.128:8848] on start up, connectionId = 1733819621735_192.168.74.1_14976
16:33:41:810  INFO 2696 --- [com.alibaba.nacos.client.remote.worker] com.alibaba.nacos.common.remote.client   : [91123859-9644-47ef-ae78-6c3b61f0a916] Notify connected event to listeners.
16:33:41:811  INFO 2696 --- [main] com.alibaba.nacos.common.remote.client   : [91123859-9644-47ef-ae78-6c3b61f0a916] Register server push request handler:com.alibaba.nacos.common.remote.client.RpcClient$ConnectResetRequestHandler
16:33:41:811  INFO 2696 --- [main] com.alibaba.nacos.common.remote.client   : [91123859-9644-47ef-ae78-6c3b61f0a916] Register server push request handler:com.alibaba.nacos.common.remote.client.RpcClient$$Lambda$991/0x0000000801385d48
16:33:41:922  INFO 2696 --- [main] o.s.b.w.embedded.tomcat.TomcatWebServer  : Tomcat started on port(s): 8085 (http) with context path ''
16:33:41:933  INFO 2696 --- [main] c.a.c.n.registry.NacosServiceRegistry    : nacos registry, DEFAULT_GROUP trade-service 192.168.233.1:8085 register finished
16:33:42:403  INFO 2696 --- [nacos-grpc-client-executor-9] com.alibaba.nacos.common.remote.client   : [91123859-9644-47ef-ae78-6c3b61f0a916] Receive server push request, request = NotifySubscriberRequest, requestId = 22
16:33:42:412  INFO 2696 --- [nacos-grpc-client-executor-9] com.alibaba.nacos.common.remote.client   : [91123859-9644-47ef-ae78-6c3b61f0a916] Ack server push request, request = NotifySubscriberRequest, requestId = 22
16:33:43:108  INFO 2696 --- [main] o.s.cloud.commons.util.InetUtils         : Cannot determine local hostname
16:33:43:109  INFO 2696 --- [main] d.s.w.p.DocumentationPluginsBootstrapper : Documentation plugins bootstrapped
16:33:43:113  INFO 2696 --- [main] d.s.w.p.DocumentationPluginsBootstrapper : Found 1 custom documentation plugin(s)
16:33:43:136  INFO 2696 --- [main] s.d.s.w.s.ApiListingReferenceScanner     : Scanning for api listing references
16:33:43:255  INFO 2696 --- [main] com.hmall.trade.TradeApplication         : Started TradeApplication in 8.181 seconds (JVM running for 8.75)
16:34:19:690  INFO 2696 --- [http-nio-8085-exec-1] o.a.c.c.C.[Tomcat].[localhost].[/]       : Initializing Spring DispatcherServlet 'dispatcherServlet'
16:34:19:690  INFO 2696 --- [http-nio-8085-exec-1] o.s.web.servlet.DispatcherServlet        : Initializing Servlet 'dispatcherServlet'
16:34:19:691  INFO 2696 --- [http-nio-8085-exec-1] o.s.web.servlet.DispatcherServlet        : Completed initialization in 1 ms
16:34:19:769  INFO 2696 --- [http-nio-8085-exec-1] com.zaxxer.hikari.HikariDataSource       : HikariPool-1 - Starting...
16:34:20:208  INFO 2696 --- [http-nio-8085-exec-1] com.zaxxer.hikari.HikariDataSource       : HikariPool-1 - Start completed.
16:34:20:231 DEBUG 2696 --- [http-nio-8085-exec-1] com.hmall.api.client.ItemClient          : [ItemClient#queryItemByIds] ---> GET http://item-service/items?ids=2120808 HTTP/1.1
16:34:20:231 DEBUG 2696 --- [http-nio-8085-exec-1] com.hmall.api.client.ItemClient          : [ItemClient#queryItemByIds] user-info: 2
16:34:20:231 DEBUG 2696 --- [http-nio-8085-exec-1] com.hmall.api.client.ItemClient          : [ItemClient#queryItemByIds] ---> END HTTP (0-byte body)
16:34:20:354 DEBUG 2696 --- [http-nio-8085-exec-1] com.hmall.api.client.ItemClient          : [ItemClient#queryItemByIds] <--- HTTP/1.1 200 (122ms)
16:34:20:354 DEBUG 2696 --- [http-nio-8085-exec-1] com.hmall.api.client.ItemClient          : [ItemClient#queryItemByIds] connection: keep-alive
16:34:20:354 DEBUG 2696 --- [http-nio-8085-exec-1] com.hmall.api.client.ItemClient          : [ItemClient#queryItemByIds] content-type: application/json
16:34:20:354 DEBUG 2696 --- [http-nio-8085-exec-1] com.hmall.api.client.ItemClient          : [ItemClient#queryItemByIds] date: Tue, 10 Dec 2024 08:34:20 GMT
16:34:20:354 DEBUG 2696 --- [http-nio-8085-exec-1] com.hmall.api.client.ItemClient          : [ItemClient#queryItemByIds] keep-alive: timeout=60
16:34:20:354 DEBUG 2696 --- [http-nio-8085-exec-1] com.hmall.api.client.ItemClient          : [ItemClient#queryItemByIds] transfer-encoding: chunked
16:34:20:354 DEBUG 2696 --- [http-nio-8085-exec-1] com.hmall.api.client.ItemClient          : [ItemClient#queryItemByIds] 
16:34:20:355 DEBUG 2696 --- [http-nio-8085-exec-1] com.hmall.api.client.ItemClient          : [ItemClient#queryItemByIds] [{"id":"2120808","name":"姬龙雪 guy laroche女包 GL经典手提包女牛皮大容量单肩包女欧美时尚包包女包GS1210001-06杏色","price":71800,"stock":1,"image":"https://m.360buyimg.com/mobilecms/s720x720_jfs/t30694/267/398774087/90954/6fc143cf/5bf25358N14dadbf7.jpg!q70.jpg.webp","category":"真皮包","brand":"姬龙雪","spec":"{}","sold":0,"commentCount":0,"isAD":false,"status":1}]
16:34:20:355 DEBUG 2696 --- [http-nio-8085-exec-1] com.hmall.api.client.ItemClient          : [ItemClient#queryItemByIds] <--- END HTTP (402-byte body)
16:34:20:422 DEBUG 2696 --- [http-nio-8085-exec-1] c.hmall.trade.mapper.OrderMapper.insert  : ==>  Preparing: INSERT INTO `order` ( id, total_fee, payment_type, user_id, status ) VALUES ( ?, ?, ?, ?, ? )
16:34:20:442 DEBUG 2696 --- [http-nio-8085-exec-1] c.hmall.trade.mapper.OrderMapper.insert  : ==> Parameters: 1866401047420108801(Long), 71800(Integer), 3(Integer), 2(Long), 1(Integer)
16:34:20:485 DEBUG 2696 --- [http-nio-8085-exec-1] c.hmall.trade.mapper.OrderMapper.insert  : <==    Updates: 1
16:34:20:502 DEBUG 2696 --- [http-nio-8085-exec-1] c.h.t.mapper.OrderDetailMapper.insert    : ==>  Preparing: INSERT INTO order_detail ( order_id, item_id, num, name, spec, price, image ) VALUES ( ?, ?, ?, ?, ?, ?, ? )
16:34:20:503 DEBUG 2696 --- [http-nio-8085-exec-1] c.h.t.mapper.OrderDetailMapper.insert    : ==> Parameters: 1866401047420108801(Long), 2120808(Long), 1(Integer), 姬龙雪 guy laroche女包 GL经典手提包女牛皮大容量单肩包女欧美时尚包包女包GS1210001-06杏色(String), {}(String), 71800(Integer), https://m.360buyimg.com/mobilecms/s720x720_jfs/t30694/267/398774087/90954/6fc143cf/5bf25358N14dadbf7.jpg!q70.jpg.webp(String)
16:34:20:517 DEBUG 2696 --- [http-nio-8085-exec-1] com.hmall.api.client.CartClient          : [CartClient#removeByItemIds] ---> DELETE http://cart-service/carts?ids=2120808 HTTP/1.1
16:34:20:517 DEBUG 2696 --- [http-nio-8085-exec-1] com.hmall.api.client.CartClient          : [CartClient#removeByItemIds] user-info: 2
16:34:20:517 DEBUG 2696 --- [http-nio-8085-exec-1] com.hmall.api.client.CartClient          : [CartClient#removeByItemIds] ---> END HTTP (0-byte body)
16:34:20:619 DEBUG 2696 --- [http-nio-8085-exec-1] com.hmall.api.client.CartClient          : [CartClient#removeByItemIds] <--- HTTP/1.1 200 (101ms)
16:34:20:619 DEBUG 2696 --- [http-nio-8085-exec-1] com.hmall.api.client.CartClient          : [CartClient#removeByItemIds] connection: keep-alive
16:34:20:619 DEBUG 2696 --- [http-nio-8085-exec-1] com.hmall.api.client.CartClient          : [CartClient#removeByItemIds] content-length: 0
16:34:20:619 DEBUG 2696 --- [http-nio-8085-exec-1] com.hmall.api.client.CartClient          : [CartClient#removeByItemIds] date: Tue, 10 Dec 2024 08:34:20 GMT
16:34:20:619 DEBUG 2696 --- [http-nio-8085-exec-1] com.hmall.api.client.CartClient          : [CartClient#removeByItemIds] keep-alive: timeout=60
16:34:20:619 DEBUG 2696 --- [http-nio-8085-exec-1] com.hmall.api.client.CartClient          : [CartClient#removeByItemIds] 
16:34:20:619 DEBUG 2696 --- [http-nio-8085-exec-1] com.hmall.api.client.CartClient          : [CartClient#removeByItemIds] <--- END HTTP (0-byte body)
16:34:20:691 DEBUG 2696 --- [http-nio-8085-exec-1] com.hmall.api.client.ItemClient          : [ItemClient#deductStock] ---> PUT http://item-service/items/stock/deduct HTTP/1.1
16:34:20:692 DEBUG 2696 --- [http-nio-8085-exec-1] com.hmall.api.client.ItemClient          : [ItemClient#deductStock] Content-Length: 30
16:34:20:692 DEBUG 2696 --- [http-nio-8085-exec-1] com.hmall.api.client.ItemClient          : [ItemClient#deductStock] Content-Type: application/json
16:34:20:692 DEBUG 2696 --- [http-nio-8085-exec-1] com.hmall.api.client.ItemClient          : [ItemClient#deductStock] user-info: 2
16:34:20:692 DEBUG 2696 --- [http-nio-8085-exec-1] com.hmall.api.client.ItemClient          : [ItemClient#deductStock] 
16:34:20:692 DEBUG 2696 --- [http-nio-8085-exec-1] com.hmall.api.client.ItemClient          : [ItemClient#deductStock] [{"itemId":"2120808","num":1}]
16:34:20:692 DEBUG 2696 --- [http-nio-8085-exec-1] com.hmall.api.client.ItemClient          : [ItemClient#deductStock] ---> END HTTP (30-byte body)
16:34:20:812 DEBUG 2696 --- [http-nio-8085-exec-1] com.hmall.api.client.ItemClient          : [ItemClient#deductStock] <--- HTTP/1.1 200 (119ms)
16:34:20:812 DEBUG 2696 --- [http-nio-8085-exec-1] com.hmall.api.client.ItemClient          : [ItemClient#deductStock] connection: keep-alive
16:34:20:812 DEBUG 2696 --- [http-nio-8085-exec-1] com.hmall.api.client.ItemClient          : [ItemClient#deductStock] content-length: 0
16:34:20:812 DEBUG 2696 --- [http-nio-8085-exec-1] com.hmall.api.client.ItemClient          : [ItemClient#deductStock] date: Tue, 10 Dec 2024 08:34:20 GMT
16:34:20:812 DEBUG 2696 --- [http-nio-8085-exec-1] com.hmall.api.client.ItemClient          : [ItemClient#deductStock] keep-alive: timeout=60
16:34:20:812 DEBUG 2696 --- [http-nio-8085-exec-1] com.hmall.api.client.ItemClient          : [ItemClient#deductStock] 
16:34:20:812 DEBUG 2696 --- [http-nio-8085-exec-1] com.hmall.api.client.ItemClient          : [ItemClient#deductStock] <--- END HTTP (0-byte body)
16:34:20:812  INFO 2696 --- [nacos-grpc-client-executor-21] com.alibaba.nacos.common.remote.client   : [91123859-9644-47ef-ae78-6c3b61f0a916] Receive server push request, request = NotifySubscriberRequest, requestId = 24
16:34:20:813  INFO 2696 --- [nacos-grpc-client-executor-21] com.alibaba.nacos.common.remote.client   : [91123859-9644-47ef-ae78-6c3b61f0a916] Ack server push request, request = NotifySubscriberRequest, requestId = 24
16:34:21:105  INFO 2696 --- [nacos-grpc-client-executor-22] com.alibaba.nacos.common.remote.client   : [91123859-9644-47ef-ae78-6c3b61f0a916] Receive server push request, request = NotifySubscriberRequest, requestId = 25
16:34:21:105  INFO 2696 --- [nacos-grpc-client-executor-22] com.alibaba.nacos.common.remote.client   : [91123859-9644-47ef-ae78-6c3b61f0a916] Ack server push request, request = NotifySubscriberRequest, requestId = 25
16:34:22:657 DEBUG 2696 --- [http-nio-8085-exec-2] c.h.trade.mapper.OrderMapper.selectById  : ==>  Preparing: SELECT id,total_fee,payment_type,user_id,status,create_time,pay_time,consign_time,end_time,close_time,comment_time,update_time FROM `order` WHERE id=?
16:34:22:658 DEBUG 2696 --- [http-nio-8085-exec-2] c.h.trade.mapper.OrderMapper.selectById  : ==> Parameters: 1866401047420108801(Long)
16:34:22:673 DEBUG 2696 --- [http-nio-8085-exec-2] c.h.trade.mapper.OrderMapper.selectById  : <==      Total: 1
16:58:59:344  WARN 2696 --- [Thread-4] c.a.nacos.common.notify.NotifyCenter     : [NotifyCenter] Start destroying Publisher
16:58:59:344  WARN 2696 --- [Thread-7] c.a.n.common.http.HttpClientBeanHolder   : [HttpClientBeanHolder] Start destroying common HttpClient
16:58:59:344  WARN 2696 --- [Thread-4] c.a.nacos.common.notify.NotifyCenter     : [NotifyCenter] Destruction of the end
16:58:59:344  WARN 2696 --- [Thread-7] c.a.n.common.http.HttpClientBeanHolder   : [HttpClientBeanHolder] Destruction of the end
16:58:59:367  INFO 2696 --- [SpringApplicationShutdownHook] c.a.c.n.registry.NacosServiceRegistry    : De-registering from Nacos Server now...
16:58:59:369  INFO 2696 --- [SpringApplicationShutdownHook] c.a.c.n.registry.NacosServiceRegistry    : De-registration finished.
16:58:59:386  INFO 2696 --- [nacos-grpc-client-executor-355] com.alibaba.nacos.common.remote.client   : [91123859-9644-47ef-ae78-6c3b61f0a916] Receive server push request, request = NotifySubscriberRequest, requestId = 27
16:58:59:393  INFO 2696 --- [nacos-grpc-client-executor-355] com.alibaba.nacos.common.remote.client   : [91123859-9644-47ef-ae78-6c3b61f0a916] Ack server push request, request = NotifySubscriberRequest, requestId = 27
16:58:59:588  INFO 2696 --- [nacos-grpc-client-executor-356] com.alibaba.nacos.common.remote.client   : [91123859-9644-47ef-ae78-6c3b61f0a916] Receive server push request, request = NotifySubscriberRequest, requestId = 28
16:58:59:598  INFO 2696 --- [nacos-grpc-client-executor-356] com.alibaba.nacos.common.remote.client   : [91123859-9644-47ef-ae78-6c3b61f0a916] Ack server push request, request = NotifySubscriberRequest, requestId = 28
16:58:59:694  INFO 2696 --- [SpringApplicationShutdownHook] com.alibaba.nacos.common.remote.client   : Shutdown rpc client, set status to shutdown
16:58:59:694  INFO 2696 --- [SpringApplicationShutdownHook] com.alibaba.nacos.common.remote.client   : Shutdown client event executor java.util.concurrent.ScheduledThreadPoolExecutor@7428e2e6[Running, pool size = 2, active threads = 2, queued tasks = 0, completed tasks = 0]
16:58:59:694  INFO 2696 --- [SpringApplicationShutdownHook] com.alibaba.nacos.common.remote.client   : Close current connection 1733819621735_192.168.74.1_14976
16:58:59:696  INFO 2696 --- [nacos-grpc-client-executor-357] c.a.n.c.remote.client.grpc.GrpcClient    : [1733819621735_192.168.74.1_14976]Ignore complete event,isRunning:false,isAbandon=false
16:58:59:698  INFO 2696 --- [SpringApplicationShutdownHook] c.a.n.c.remote.client.grpc.GrpcClient    : Shutdown grpc executor java.util.concurrent.ThreadPoolExecutor@487bedf8[Running, pool size = 7, active threads = 0, queued tasks = 0, completed tasks = 358]
16:58:59:701  INFO 2696 --- [SpringApplicationShutdownHook] com.zaxxer.hikari.HikariDataSource       : HikariPool-1 - Shutdown initiated...
16:58:59:712  INFO 2696 --- [SpringApplicationShutdownHook] com.zaxxer.hikari.HikariDataSource       : HikariPool-1 - Shutdown completed.
